0 info it worked if it ends with ok
1 verbose cli [ '/usr/bin/node',
1 verbose cli   '/usr/bin/npm',
1 verbose cli   'install',
1 verbose cli   'grunt-contrib-copy',
1 verbose cli   '--save-dev' ]
2 info using npm@1.4.28
3 info using node@v0.10.32
4 verbose node symlink /usr/bin/node
5 verbose readDependencies using package.json deps
6 verbose cache add [ 'grunt-contrib-copy', null ]
7 verbose cache add name=undefined spec="grunt-contrib-copy" args=["grunt-contrib-copy",null]
8 verbose parsed url { protocol: null,
8 verbose parsed url   slashes: null,
8 verbose parsed url   auth: null,
8 verbose parsed url   host: null,
8 verbose parsed url   port: null,
8 verbose parsed url   hostname: null,
8 verbose parsed url   hash: null,
8 verbose parsed url   search: null,
8 verbose parsed url   query: null,
8 verbose parsed url   pathname: 'grunt-contrib-copy',
8 verbose parsed url   path: 'grunt-contrib-copy',
8 verbose parsed url   href: 'grunt-contrib-copy' }
9 silly lockFile a84690fa-grunt-contrib-copy grunt-contrib-copy
10 verbose lock grunt-contrib-copy /home/wiredearp/.npm/a84690fa-grunt-contrib-copy.lock
11 silly lockFile a84690fa-grunt-contrib-copy grunt-contrib-copy
12 silly lockFile a84690fa-grunt-contrib-copy grunt-contrib-copy
13 verbose addNamed [ 'grunt-contrib-copy', '' ]
14 verbose addNamed [ null, '*' ]
15 silly lockFile 9ec4cea0-grunt-contrib-copy grunt-contrib-copy@
16 verbose lock grunt-contrib-copy@ /home/wiredearp/.npm/9ec4cea0-grunt-contrib-copy.lock
17 silly addNameRange { name: 'grunt-contrib-copy', range: '*', hasData: false }
18 verbose request where is /grunt-contrib-copy
19 verbose request registry https://registry.npmjs.org/
20 verbose request id 08427de790926545
21 verbose url raw /grunt-contrib-copy
22 verbose url resolving [ 'https://registry.npmjs.org/', './grunt-contrib-copy' ]
23 verbose url resolved https://registry.npmjs.org/grunt-contrib-copy
24 verbose request where is https://registry.npmjs.org/grunt-contrib-copy
25 info trying registry request attempt 1 at 13:26:13
26 verbose etag "BO0AZWPEKD2ZGSOT8GAHJWGI0"
27 http GET https://registry.npmjs.org/grunt-contrib-copy
28 http 200 https://registry.npmjs.org/grunt-contrib-copy
29 silly registry.get cb [ 200,
29 silly registry.get   { date: 'Sun, 19 Oct 2014 11:26:13 GMT',
29 silly registry.get     server: 'CouchDB/1.5.0 (Erlang OTP/R16B03)',
29 silly registry.get     etag: '"3QPZWCI7888P4P421A3K42WXF"',
29 silly registry.get     'content-type': 'application/json',
29 silly registry.get     'cache-control': 'max-age=60',
29 silly registry.get     'content-length': '31280',
29 silly registry.get     'accept-ranges': 'bytes',
29 silly registry.get     via: '1.1 varnish',
29 silly registry.get     age: '32',
29 silly registry.get     'x-served-by': 'cache-ams4135-AMS',
29 silly registry.get     'x-cache': 'HIT',
29 silly registry.get     'x-cache-hits': '1',
29 silly registry.get     'x-timer': 'S1413717973.147449,VS0,VE0',
29 silly registry.get     vary: 'Accept',
29 silly registry.get     'keep-alive': 'timeout=10, max=50',
29 silly registry.get     connection: 'Keep-Alive' } ]
30 silly addNameRange number 2 { name: 'grunt-contrib-copy', range: '*', hasData: true }
31 silly addNameRange versions [ 'grunt-contrib-copy',
31 silly addNameRange   [ '0.2.0',
31 silly addNameRange     '0.2.1',
31 silly addNameRange     '0.2.2',
31 silly addNameRange     '0.2.3',
31 silly addNameRange     '0.2.4',
31 silly addNameRange     '0.3.0',
31 silly addNameRange     '0.3.1',
31 silly addNameRange     '0.3.2',
31 silly addNameRange     '0.4.0',
31 silly addNameRange     '0.4.1',
31 silly addNameRange     '0.5.0',
31 silly addNameRange     '0.6.0',
31 silly addNameRange     '0.7.0',
31 silly addNameRange     '0.4.0-rc7' ] ]
32 verbose addNamed [ 'grunt-contrib-copy', '0.7.0' ]
33 verbose addNamed [ '0.7.0', '0.7.0' ]
34 silly lockFile 4a53bbfa-grunt-contrib-copy-0-7-0 grunt-contrib-copy@0.7.0
35 verbose lock grunt-contrib-copy@0.7.0 /home/wiredearp/.npm/4a53bbfa-grunt-contrib-copy-0-7-0.lock
36 silly lockFile 0adbbcf8-opy-grunt-contrib-copy-0-7-0-tgz https://registry.npmjs.org/grunt-contrib-copy/-/grunt-contrib-copy-0.7.0.tgz
37 verbose lock https://registry.npmjs.org/grunt-contrib-copy/-/grunt-contrib-copy-0.7.0.tgz /home/wiredearp/.npm/0adbbcf8-opy-grunt-contrib-copy-0-7-0-tgz.lock
38 verbose addRemoteTarball [ 'https://registry.npmjs.org/grunt-contrib-copy/-/grunt-contrib-copy-0.7.0.tgz',
38 verbose addRemoteTarball   'c6de48e0df731449aedb0f089c095dbc2a55050f' ]
39 info retry fetch attempt 1 at 13:26:13
40 verbose fetch to= /tmp/npm-12095--Mdmv4jn/registry.npmjs.org/grunt-contrib-copy/-/grunt-contrib-copy-0.7.0.tgz
41 http GET https://registry.npmjs.org/grunt-contrib-copy/-/grunt-contrib-copy-0.7.0.tgz
42 http 200 https://registry.npmjs.org/grunt-contrib-copy/-/grunt-contrib-copy-0.7.0.tgz
43 silly lockFile 0adbbcf8-opy-grunt-contrib-copy-0-7-0-tgz https://registry.npmjs.org/grunt-contrib-copy/-/grunt-contrib-copy-0.7.0.tgz
44 silly lockFile 0adbbcf8-opy-grunt-contrib-copy-0-7-0-tgz https://registry.npmjs.org/grunt-contrib-copy/-/grunt-contrib-copy-0.7.0.tgz
45 silly lockFile 4a53bbfa-grunt-contrib-copy-0-7-0 grunt-contrib-copy@0.7.0
46 silly lockFile 4a53bbfa-grunt-contrib-copy-0-7-0 grunt-contrib-copy@0.7.0
47 silly lockFile 9ec4cea0-grunt-contrib-copy grunt-contrib-copy@
48 silly lockFile 9ec4cea0-grunt-contrib-copy grunt-contrib-copy@
49 silly resolved [ { name: 'grunt-contrib-copy',
49 silly resolved     description: 'Copy files and folders.',
49 silly resolved     version: '0.7.0',
49 silly resolved     homepage: 'https://github.com/gruntjs/grunt-contrib-copy',
49 silly resolved     author: { name: 'Grunt Team', url: 'http://gruntjs.com/' },
49 silly resolved     repository:
49 silly resolved      { type: 'git',
49 silly resolved        url: 'git://github.com/gruntjs/grunt-contrib-copy.git' },
49 silly resolved     bugs: { url: 'https://github.com/gruntjs/grunt-contrib-copy/issues' },
49 silly resolved     licenses: [ [Object] ],
49 silly resolved     engines: { node: '>= 0.8.0' },
49 silly resolved     scripts: { test: 'grunt test' },
49 silly resolved     dependencies: { chalk: '~0.5.1' },
49 silly resolved     devDependencies:
49 silly resolved      { 'grunt-contrib-jshint': '~0.10.0',
49 silly resolved        'grunt-contrib-nodeunit': '~0.4.1',
49 silly resolved        'grunt-contrib-clean': '~0.6.0',
49 silly resolved        'grunt-contrib-internal': '~0.4.5',
49 silly resolved        grunt: '~0.4.0' },
49 silly resolved     peerDependencies: { grunt: '~0.4.0' },
49 silly resolved     keywords: [ 'gruntplugin' ],
49 silly resolved     files: [ 'tasks', 'LICENSE-MIT' ],
49 silly resolved     contributors: [ [Object], [Object], [Object], [Object], [Object] ],
49 silly resolved     gitHead: 'd549a9ee6351e7dda0a99fe634993bdcac4b480c',
49 silly resolved     _id: 'grunt-contrib-copy@0.7.0',
49 silly resolved     _shasum: 'c6de48e0df731449aedb0f089c095dbc2a55050f',
49 silly resolved     _from: 'grunt-contrib-copy@',
49 silly resolved     _npmVersion: '2.1.3',
49 silly resolved     _nodeVersion: '0.10.32',
49 silly resolved     _npmUser: { name: 'shama', email: 'kyle@dontkry.com' },
49 silly resolved     maintainers: [ [Object], [Object], [Object], [Object], [Object], [Object] ],
49 silly resolved     dist:
49 silly resolved      { shasum: 'c6de48e0df731449aedb0f089c095dbc2a55050f',
49 silly resolved        tarball: 'http://registry.npmjs.org/grunt-contrib-copy/-/grunt-contrib-copy-0.7.0.tgz' },
49 silly resolved     directories: {},
49 silly resolved     _resolved: 'https://registry.npmjs.org/grunt-contrib-copy/-/grunt-contrib-copy-0.7.0.tgz' } ]
50 info install grunt-contrib-copy@0.7.0 into /home/wiredearp/Dev/Fun/Spiritual/grunt-spiritual-build
51 info installOne grunt-contrib-copy@0.7.0
52 verbose node_modules/grunt-contrib-copy unbuild
53 verbose tar unpack /home/wiredearp/.npm/grunt-contrib-copy/0.7.0/package.tgz
54 silly lockFile 06ac21e7--node-modules-grunt-contrib-copy tar:///home/wiredearp/Dev/Fun/Spiritual/grunt-spiritual-build/node_modules/grunt-contrib-copy
55 verbose lock tar:///home/wiredearp/Dev/Fun/Spiritual/grunt-spiritual-build/node_modules/grunt-contrib-copy /home/wiredearp/.npm/06ac21e7--node-modules-grunt-contrib-copy.lock
56 silly lockFile cc652cfe-t-contrib-copy-0-7-0-package-tgz tar:///home/wiredearp/.npm/grunt-contrib-copy/0.7.0/package.tgz
57 verbose lock tar:///home/wiredearp/.npm/grunt-contrib-copy/0.7.0/package.tgz /home/wiredearp/.npm/cc652cfe-t-contrib-copy-0-7-0-package-tgz.lock
58 silly gunzTarPerm modes [ '775', '664' ]
59 silly gunzTarPerm extractEntry package.json
60 silly gunzTarPerm modified mode [ 'package.json', 420, 436 ]
61 silly gunzTarPerm extractEntry README.md
62 silly gunzTarPerm modified mode [ 'README.md', 420, 436 ]
63 silly gunzTarPerm extractEntry LICENSE-MIT
64 silly gunzTarPerm modified mode [ 'LICENSE-MIT', 420, 436 ]
65 silly gunzTarPerm extractEntry tasks/copy.js
66 silly gunzTarPerm modified mode [ 'tasks/copy.js', 420, 436 ]
67 silly lockFile 06ac21e7--node-modules-grunt-contrib-copy tar:///home/wiredearp/Dev/Fun/Spiritual/grunt-spiritual-build/node_modules/grunt-contrib-copy
68 silly lockFile 06ac21e7--node-modules-grunt-contrib-copy tar:///home/wiredearp/Dev/Fun/Spiritual/grunt-spiritual-build/node_modules/grunt-contrib-copy
69 silly lockFile cc652cfe-t-contrib-copy-0-7-0-package-tgz tar:///home/wiredearp/.npm/grunt-contrib-copy/0.7.0/package.tgz
70 silly lockFile cc652cfe-t-contrib-copy-0-7-0-package-tgz tar:///home/wiredearp/.npm/grunt-contrib-copy/0.7.0/package.tgz
71 info preinstall grunt-contrib-copy@0.7.0
72 verbose readDependencies using package.json deps
73 verbose readDependencies using package.json deps
74 silly resolved []
75 verbose about to build /home/wiredearp/Dev/Fun/Spiritual/grunt-spiritual-build/node_modules/grunt-contrib-copy
76 info build /home/wiredearp/Dev/Fun/Spiritual/grunt-spiritual-build/node_modules/grunt-contrib-copy
77 verbose linkStuff [ false,
77 verbose linkStuff   false,
77 verbose linkStuff   false,
77 verbose linkStuff   '/home/wiredearp/Dev/Fun/Spiritual/grunt-spiritual-build/node_modules' ]
78 info linkStuff grunt-contrib-copy@0.7.0
79 verbose linkBins grunt-contrib-copy@0.7.0
80 verbose linkMans grunt-contrib-copy@0.7.0
81 verbose rebuildBundles grunt-contrib-copy@0.7.0
82 info install grunt-contrib-copy@0.7.0
83 info postinstall grunt-contrib-copy@0.7.0
84 error peerinvalid The package grunt-contrib-copy does not satisfy its siblings' peerDependencies requirements!
84 error peerinvalid Peer grunt-contrib@0.11.0 wants grunt-contrib-copy@~0.5.0
85 error System Linux 3.13.0-37-generic
86 error command "/usr/bin/node" "/usr/bin/npm" "install" "grunt-contrib-copy" "--save-dev"
87 error cwd /home/wiredearp/Dev/Fun/Spiritual/grunt-spiritual-build
88 error node -v v0.10.32
89 error npm -v 1.4.28
90 error code EPEERINVALID
91 verbose exit [ 1, true ]
